#
# A fatal error has been detected by the Java Runtime Environment:
#
#  SIGSEGV (0xb) at pc=0x00000001105038d8, pid=30157, tid=775
#
# JRE version: Java(TM) SE Runtime Environment (15.0+36) (build 15+36-1562)
# Java VM: Java HotSpot(TM) 64-Bit Server VM (15+36-1562, mixed mode, sharing, tiered, compressed oops, g1 gc, bsd-amd64)
# Problematic frame:
# V  [libjvm.dylib+0x5038d8]  jni_IsSameObject+0x38
#
# No core dump will be written. Core dumps have been disabled. To enable core dumping, try "ulimit -c unlimited" before starting Java again
#
# If you would like to submit a bug report, please visit:
#   https://bugreport.java.com/bugreport/crash.jsp
#

---------------  S U M M A R Y ------------

Command Line: -javaagent:/Applications/IntelliJ IDEA CE.app/Contents/lib/idea_rt.jar=59275:/Applications/IntelliJ IDEA CE.app/Contents/bin -Dfile.encoding=UTF-8 --module-path=out/production/Cryptography-2:lib/javafx-fxml-15.jar:lib/javafx-fxml-15-mac.jar:lib/javafx-controls-15.jar:lib/javafx-controls-15-mac.jar:lib/javafx-graphics-15.jar:lib/javafx-graphics-15-mac.jar:lib/javafx-base-15.jar:lib/javafx-base-15-mac.jar -Djdk.module.main=Ciphers Ciphers/sample.Main

Host: MacBookPro14,2 x86_64 3300 MHz, 4 cores, 16G, Darwin 20.3.0
Time: Fri May 14 17:43:49 2021 PDT elapsed time: 6.897470 seconds (0d 0h 0m 6s)

---------------  T H R E A D  ---------------

Current thread is native thread

Stack: [0x00007ffee18c8000,0x00007ffee20c8000],  sp=0x00007ffee20c3c40,  free space=8175k
Native frames: (J=compiled Java code, A=aot compiled Java code, j=interpreted, Vv=VM code, C=native code)
V  [libjvm.dylib+0x5038d8]  jni_IsSameObject+0x38
C  [JavaNativeFoundation+0x9612]  -[JNFWeakJObjectWrapper _getWithEnv:]+0x31
C  [JavaNativeFoundation+0x9426]  -[JNFJObjectWrapper jObjectWithEnv:]+0x16
C  [libawt_lwawt.dylib+0x1de31]  -[CGLLayer drawInCGLContext:pixelFormat:forLayerTime:displayTime:]+0xa1
C  [QuartzCore+0xc1b67]  CAOpenGLLayerDraw(CAOpenGLLayer*, double, CVTimeStamp const*, unsigned int)+0x7e7
C  [QuartzCore+0xc11b9]  -[CAOpenGLLayer _display]+0x244
C  [QuartzCore+0x214c8]  CA::Layer::display_if_needed(CA::Transaction*)+0x36a
C  [QuartzCore+0x1615fb]  CA::Context::commit_transaction(CA::Transaction*, double, double*)+0x205
C  [QuartzCore+0x2e95]  CA::Transaction::commit()+0x30f
C  [QuartzCore+0x3ac6e]  CA::Transaction::observer_callback(__CFRunLoopObserver*, unsigned long, void*)+0x6e
C  [CoreFoundation+0x80dad]  __CFRUNLOOP_IS_CALLING_OUT_TO_AN_OBSERVER_CALLBACK_FUNCTION__+0x17
C  [CoreFoundation+0x80c3d]  __CFRunLoopDoObservers+0x225
C  [CoreFoundation+0x80221]  __CFRunLoopRun+0x47a
C  [CoreFoundation+0x7f6ce]  CFRunLoopRunSpecific+0x233
C  [libjli.dylib+0x6e32]  CreateExecutionEnvironment+0x192
C  [libjli.dylib+0x2674]  JLI_Launch+0x614
C  [java+0xc16]  main+0x196
C  [libdyld.dylib+0x15621]  start+0x1


siginfo: si_signo: 11 (SIGSEGV), si_code: 1 (SEGV_MAPERR), si_addr: 0x0000000000000398

Registers:
RAX=0x000000000000dead, RBX=0x00007fd08b11cf28, RCX=0x0000000118cdbe00, RDX=0x0000000000000000
RSP=0x00007ffee20c3c40, RBP=0x00007ffee20c3c60, RSI=0x00007fd08ea794c9, RDI=0x00007fd08b11cc00
R8 =0x0000000000000000, R9 =0x000000000000062e, R10=0x00007fff8d2e6d10, R11=0x00007fff6f990592
R12=0x0000000000000000, R13=0x00007fd08ebddb30, R14=0x0000000000000000, R15=0x00007fd08ea794c9
RIP=0x00000001105038d8, EFLAGS=0x0000000000010246, ERR=0x0000000000000006
  TRAPNO=0x000000000000000e

Top of Stack: (sp=0x00007ffee20c3c40)
0x00007ffee20c3c40:   00007fd08b11cf28 00007fd08b946600
0x00007ffee20c3c50:   00007fd08ebdd900 00007fd08ea794c9
0x00007ffee20c3c60:   00007ffee20c3c90 00007fff6f990612
0x00007ffee20c3c70:   00007fd08ebdd900 00007fd08b11cf28
0x00007ffee20c3c80:   00007fff20438d00 00007fd08eb99d70
0x00007ffee20c3c90:   00007ffee20c3cb0 00007fff6f990426
0x00007ffee20c3ca0:   00007fd08ebdd900 00007fd08b11cf28
0x00007ffee20c3cb0:   00007ffee20c3d10 00000001401dfe31
0x00007ffee20c3cc0:   00007fd08ebde4a0 00007fff7c516d3a
0x00007ffee20c3cd0:   00007fd08ebddb30 0000000000000000
0x00007ffee20c3ce0:   40faf6a3f632c41a 00007fff20438d00
0x00007ffee20c3cf0:   00007fd08ebde4a0 00007fd08ebddb30
0x00007ffee20c3d00:   00007fd08ebddb30 00007fd08df06d30
0x00007ffee20c3d10:   00007ffee20c3dd0 00007fff26eefb67
0x00007ffee20c3d20:   00007fd08ebf9060 0000000000000000
0x00007ffee20c3d30:   00007fd08ebddb30 0000000000000000
0x00007ffee20c3d40:   000000048ebddb30 00007fd08aeb5aa0
0x00007ffee20c3d50:   40faf6a3f632c41a 0000062e00000b40
0x00007ffee20c3d60:   0000000000000000 00007fd08adb3160
0x00007ffee20c3d70:   0000000000000004 0000000000000000
0x00007ffee20c3d80:   0000000000000000 00007ffee20c3da8
0x00007ffee20c3d90:   00007ffe00000000 00007fff26e701a3
0x00007ffee20c3da0:   3ef99d8e77a400e0 00007fff20438d00
0x00007ffee20c3db0:   0000000000000004 0000000000000000
0x00007ffee20c3dc0:   00007fd08ebddb30 00007fff7c516d3a
0x00007ffee20c3dd0:   00007ffee20c3e50 00007fff26eef1b9
0x00007ffee20c3de0:   0000000000008000 4088b80000000000
0x00007ffee20c3df0:   4096800000000000 4000000000000000
0x00007ffee20c3e00:   0000000000000000 0000000000000000
0x00007ffee20c3e10:   4096800000000000 4088b80000000000
0x00007ffee20c3e20:   3ef99d8e77a400e0 00007ffee20c3f30
0x00007ffee20c3e30:   00007fd08b144400 00007fd08e807360 

Instructions: (pc=0x00000001105038d8)
0x00000001105037d8:   03 00 00 06 00 00 00 4d 85 f6 74 0b 31 f6 4c 89
0x00000001105037e8:   f7 ff 15 f1 18 6c 00 49 8b 9f f8 00 00 00 48 8b
0x00000001105037f8:   43 10 48 83 38 00 74 0c 48 89 df e8 a8 85 f4 ff
0x0000000110503808:   48 8b 43 10 48 8b 4b 08 48 89 41 10 48 8b 43 08
0x0000000110503818:   48 8b 4b 18 48 89 48 18 48 8b 43 08 48 8b 4b 20
0x0000000110503828:   48 89 48 20 41 c7 87 98 03 00 00 07 00 00 00 f0
0x0000000110503838:   83 04 24 00 49 8b 87 10 01 00 00 a8 08 74 08 4c
0x0000000110503848:   89 ff e8 91 63 3b 00 41 c7 87 98 03 00 00 04 00
0x0000000110503858:   00 00 48 83 c4 08 5b 41 5e 41 5f 5d c3 48 8d 05
0x0000000110503868:   04 53 73 00 83 38 00 0f 84 4e ff ff ff 4c 89 ff
0x0000000110503878:   e8 43 58 49 00 41 c7 87 98 03 00 00 06 00 00 00
0x0000000110503888:   4d 85 f6 0f 85 53 ff ff ff e9 59 ff ff ff 66 2e
0x0000000110503898:   0f 1f 84 00 00 00 00 00 55 48 89 e5 41 57 41 56
0x00000001105038a8:   41 54 53 49 89 fc b8 55 21 ff ff 41 03 84 24 88
0x00000001105038b8:   00 00 00 49 89 d6 49 89 f7 49 81 c4 d8 fc ff ff
0x00000001105038c8:   83 f8 02 72 0b 4c 89 e7 e8 eb 35 49 00 45 31 e4
0x00000001105038d8:   41 c7 84 24 98 03 00 00 05 00 00 00 f0 83 04 24
0x00000001105038e8:   00 49 8b 04 24 4c 89 e7 ff 50 40 84 c0 74 37 49
0x00000001105038f8:   8b 84 24 10 01 00 00 a8 08 75 37 41 f7 84 24 e0
0x0000000110503908:   00 00 00 04 00 00 20 75 29 41 c7 84 24 98 03 00
0x0000000110503918:   00 06 00 00 00 4d 85 ff 75 31 45 31 ff 4d 85 f6
0x0000000110503928:   75 40 31 c0 eb 6f 48 8d 05 3b 52 73 00 83 38 00
0x0000000110503938:   74 c9 4c 89 e7 e8 7e 57 49 00 41 c7 84 24 98 03
0x0000000110503948:   00 00 06 00 00 00 4d 85 ff 74 cf 41 f6 c7 01 75
0x0000000110503958:   22 4c 89 ff ff 15 26 d8 6b 00 49 89 c7 4d 85 f6
0x0000000110503968:   74 c0 41 f6 c6 01 75 21 4c 89 f7 ff 15 0f d8 6b
0x0000000110503978:   00 eb 22 49 ff cf 4c 89 ff ff 15 f9 19 6d 00 49
0x0000000110503988:   89 c7 4d 85 f6 75 db eb 99 49 ff ce 4c 89 f7 ff
0x0000000110503998:   15 e3 19 6d 00 45 31 f6 49 39 c7 41 0f 94 c7 49
0x00000001105039a8:   8b 9c 24 f8 00 00 00 48 8b 43 10 48 83 38 00 74
0x00000001105039b8:   0c 48 89 df e8 ef 83 f4 ff 48 8b 43 10 48 8b 4b
0x00000001105039c8:   08 48 89 41 10 48 8b 43 08 48 8b 4b 18 48 89 48 



---------------  P R O C E S S  ---------------

VM state: not at safepoint (normal execution)

VM Mutex/Monitor currently owned by a thread: None

Heap address: 0x0000000700000000, size: 4096 MB, Compressed Oops mode: Zero based, Oop shift amount: 3
CDS archive(s) mapped at: [0x0000000800000000-0x0000000800b2c000-0x0000000800b2c000), size 11714560, SharedBaseAddress: 0x0000000800000000, ArchiveRelocationMode: 0.
Compressed class space mapped at: 0x0000000800b2c000-0x0000000840b2c000, size: 1073741824
Narrow klass base: 0x0000000800000000, Narrow klass shift: 3, Narrow klass range: 0x100000000

GC Precious Log:
 CPUs: 4 total, 4 available
 Memory: 16384M
 Large Page Support: Disabled
 NUMA Support: Disabled
 Compressed Oops: Enabled (Zero based)
 Heap Region Size: 2M
 Heap Min Capacity: 8M
 Heap Initial Capacity: 256M
 Heap Max Capacity: 4G
 Pre-touch: Disabled
 Parallel Workers: 4
 Concurrent Workers: 1
 Concurrent Refinement Workers: 4
 Periodic GC: Disabled

Heap:
 garbage-first heap   total 266240K, used 36075K [0x0000000700000000, 0x0000000800000000)
  region size 2048K, 13 young (26624K), 1 survivors (2048K)
 Metaspace       used 14424K, capacity 14624K, committed 15104K, reserved 1062912K
  class space    used 1824K, capacity 1905K, committed 2048K, reserved 1048576K

Heap Regions: E=young(eden), S=young(survivor), O=old, HS=humongous(starts), HC=humongous(continues), CS=collection set, F=free, OA=open archive, CA=closed archive, TAMS=top-at-mark-start (previous, next)
|   0|0x0000000700000000, 0x0000000700200000, 0x0000000700200000|100%|HS|  |TAMS 0x0000000700000000, 0x0000000700000000| Complete 
|   1|0x0000000700200000, 0x0000000700400000, 0x0000000700400000|100%|HC|  |TAMS 0x0000000700200000, 0x0000000700200000| Complete 
|   2|0x0000000700400000, 0x0000000700600000, 0x0000000700600000|100%|HC|  |TAMS 0x0000000700400000, 0x0000000700400000| Complete 
|   3|0x0000000700600000, 0x0000000700800000, 0x0000000700800000|100%|HS|  |TAMS 0x0000000700600000, 0x0000000700600000| Complete 
|   4|0x0000000700800000, 0x0000000700a00000, 0x0000000700a00000|100%|HC|  |TAMS 0x0000000700800000, 0x0000000700800000| Complete 
|   5|0x0000000700a00000, 0x0000000700c00000, 0x0000000700c00000|100%|HC|  |TAMS 0x0000000700a00000, 0x0000000700a00000| Complete 
|   6|0x0000000700c00000, 0x0000000700c00000, 0x0000000700e00000|  0%| F|  |TAMS 0x0000000700c00000, 0x0000000700c00000| Untracked 
|   7|0x0000000700e00000, 0x0000000700e00000, 0x0000000701000000|  0%| F|  |TAMS 0x0000000700e00000, 0x0000000700e00000| Untracked 
|   8|0x0000000701000000, 0x0000000701000000, 0x0000000701200000|  0%| F|  |TAMS 0x0000000701000000, 0x0000000701000000| Untracked 
|   9|0x0000000701200000, 0x0000000701200000, 0x0000000701400000|  0%| F|  |TAMS 0x0000000701200000, 0x0000000701200000| Untracked 
|  10|0x0000000701400000, 0x0000000701400000, 0x0000000701600000|  0%| F|  |TAMS 0x0000000701400000, 0x0000000701400000| Untracked 
|  11|0x0000000701600000, 0x0000000701600000, 0x0000000701800000|  0%| F|  |TAMS 0x0000000701600000, 0x0000000701600000| Untracked 
|  12|0x0000000701800000, 0x0000000701800000, 0x0000000701a00000|  0%| F|  |TAMS 0x0000000701800000, 0x0000000701800000| Untracked 
|  13|0x0000000701a00000, 0x0000000701a00000, 0x0000000701c00000|  0%| F|  |TAMS 0x0000000701a00000, 0x0000000701a00000| Untracked 
|  14|0x0000000701c00000, 0x0000000701c00000, 0x0000000701e00000|  0%| F|  |TAMS 0x0000000701c00000, 0x0000000701c00000| Untracked 
|  15|0x0000000701e00000, 0x0000000701e00000, 0x0000000702000000|  0%| F|  |TAMS 0x0000000701e00000, 0x0000000701e00000| Untracked 
|  16|0x0000000702000000, 0x0000000702000000, 0x0000000702200000|  0%| F|  |TAMS 0x0000000702000000, 0x0000000702000000| Untracked 
|  17|0x0000000702200000, 0x0000000702200000, 0x0000000702400000|  0%| F|  |TAMS 0x0000000702200000, 0x0000000702200000| Untracked 
|  18|0x0000000702400000, 0x0000000702400000, 0x0000000702600000|  0%| F|  |TAMS 0x0000000702400000, 0x0000000702400000| Untracked 
|  19|0x0000000702600000, 0x0000000702600000, 0x0000000702800000|  0%| F|  |TAMS 0x0000000702600000, 0x0000000702600000| Untracked 
|  20|0x0000000702800000, 0x0000000702800000, 0x0000000702a00000|  0%| F|  |TAMS 0x0000000702800000, 0x0000000702800000| Untracked 
|  21|0x0000000702a00000, 0x0000000702a00000, 0x0000000702c00000|  0%| F|  |TAMS 0x0000000702a00000, 0x0000000702a00000| Untracked 
|  22|0x0000000702c00000, 0x0000000702c00000, 0x0000000702e00000|  0%| F|  |TAMS 0x0000000702c00000, 0x0000000702c00000| Untracked 
|  23|0x0000000702e00000, 0x0000000702e00000, 0x0000000703000000|  0%| F|  |TAMS 0x0000000702e00000, 0x0000000702e00000| Untracked 
|  24|0x0000000703000000, 0x0000000703000000, 0x0000000703200000|  0%| F|  |TAMS 0x0000000703000000, 0x0000000703000000| Untracked 
|  25|0x0000000703200000, 0x0000000703200000, 0x0000000703400000|  0%| F|  |TAMS 0x0000000703200000, 0x0000000703200000| Untracked 
|  26|0x0000000703400000, 0x0000000703400000, 0x0000000703600000|  0%| F|  |TAMS 0x0000000703400000, 0x0000000703400000| Untracked 
|  27|0x0000000703600000, 0x0000000703600000, 0x0000000703800000|  0%| F|  |TAMS 0x0000000703600000, 0x0000000703600000| Untracked 
|  28|0x0000000703800000, 0x0000000703800000, 0x0000000703a00000|  0%| F|  |TAMS 0x0000000703800000, 0x0000000703800000| Untracked 
|  29|0x0000000703a00000, 0x0000000703a00000, 0x0000000703c00000|  0%| F|  |TAMS 0x0000000703a00000, 0x0000000703a00000| Untracked 
|  30|0x0000000703c00000, 0x0000000703c00000, 0x0000000703e00000|  0%| F|  |TAMS 0x0000000703c00000, 0x0000000703c00000| Untracked 
|  31|0x0000000703e00000, 0x0000000703e00000, 0x0000000704000000|  0%| F|  |TAMS 0x0000000703e00000, 0x0000000703e00000| Untracked 
|  32|0x0000000704000000, 0x0000000704000000, 0x0000000704200000|  0%| F|  |TAMS 0x0000000704000000, 0x0000000704000000| Untracked 
|  33|0x0000000704200000, 0x0000000704200000, 0x0000000704400000|  0%| F|  |TAMS 0x0000000704200000, 0x0000000704200000| Untracked 
|  34|0x0000000704400000, 0x0000000704400000, 0x0000000704600000|  0%| F|  |TAMS 0x0000000704400000, 0x0000000704400000| Untracked 
|  35|0x0000000704600000, 0x0000000704600000, 0x0000000704800000|  0%| F|  |TAMS 0x0000000704600000, 0x0000000704600000| Untracked 
|  36|0x0000000704800000, 0x0000000704800000, 0x0000000704a00000|  0%| F|  |TAMS 0x0000000704800000, 0x0000000704800000| Untracked 
|  37|0x0000000704a00000, 0x0000000704a00000, 0x0000000704c00000|  0%| F|  |TAMS 0x0000000704a00000, 0x0000000704a00000| Untracked 
|  38|0x0000000704c00000, 0x0000000704c00000, 0x0000000704e00000|  0%| F|  |TAMS 0x0000000704c00000, 0x0000000704c00000| Untracked 
|  39|0x0000000704e00000, 0x0000000704e00000, 0x0000000705000000|  0%| F|  |TAMS 0x0000000704e00000, 0x0000000704e00000| Untracked 
|  40|0x0000000705000000, 0x0000000705000000, 0x0000000705200000|  0%| F|  |TAMS 0x0000000705000000, 0x0000000705000000| Untracked 
|  41|0x0000000705200000, 0x0000000705200000, 0x0000000705400000|  0%| F|  |TAMS 0x0000000705200000, 0x0000000705200000| Untracked 
|  42|0x0000000705400000, 0x0000000705400000, 0x0000000705600000|  0%| F|  |TAMS 0x0000000705400000, 0x0000000705400000| Untracked 
|  43|0x0000000705600000, 0x0000000705600000, 0x0000000705800000|  0%| F|  |TAMS 0x0000000705600000, 0x0000000705600000| Untracked 
|  44|0x0000000705800000, 0x0000000705800000, 0x0000000705a00000|  0%| F|  |TAMS 0x0000000705800000, 0x0000000705800000| Untracked 
|  45|0x0000000705a00000, 0x0000000705a00000, 0x0000000705c00000|  0%| F|  |TAMS 0x0000000705a00000, 0x0000000705a00000| Untracked 
|  46|0x0000000705c00000, 0x0000000705c00000, 0x0000000705e00000|  0%| F|  |TAMS 0x0000000705c00000, 0x0000000705c00000| Untracked 
|  47|0x0000000705e00000, 0x0000000705e00000, 0x0000000706000000|  0%| F|  |TAMS 0x0000000705e00000, 0x0000000705e00000| Untracked 
|  48|0x0000000706000000, 0x0000000706000000, 0x0000000706200000|  0%| F|  |TAMS 0x0000000706000000, 0x0000000706000000| Untracked 
|  49|0x0000000706200000, 0x0000000706200000, 0x0000000706400000|  0%| F|  |TAMS 0x0000000706200000, 0x0000000706200000| Untracked 
|  50|0x0000000706400000, 0x0000000706400000, 0x0000000706600000|  0%| F|  |TAMS 0x0000000706400000, 0x0000000706400000| Untracked 
|  51|0x0000000706600000, 0x0000000706600000, 0x0000000706800000|  0%| F|  |TAMS 0x0000000706600000, 0x0000000706600000| Untracked 
|  52|0x0000000706800000, 0x0000000706800000, 0x0000000706a00000|  0%| F|  |TAMS 0x0000000706800000, 0x0000000706800000| Untracked 
|  53|0x0000000706a00000, 0x0000000706a00000, 0x0000000706c00000|  0%| F|  |TAMS 0x0000000706a00000, 0x0000000706a00000| Untracked 
|  54|0x0000000706c00000, 0x0000000706c00000, 0x0000000706e00000|  0%| F|  |TAMS 0x0000000706c00000, 0x0000000706c00000| Untracked 
|  55|0x0000000706e00000, 0x0000000706e00000, 0x0000000707000000|  0%| F|  |TAMS 0x0000000706e00000, 0x0000000706e00000| Untracked 
|  56|0x0000000707000000, 0x0000000707000000, 0x0000000707200000|  0%| F|  |TAMS 0x0000000707000000, 0x0000000707000000| Untracked 
|  57|0x0000000707200000, 0x0000000707200000, 0x0000000707400000|  0%| F|  |TAMS 0x0000000707200000, 0x0000000707200000| Untracked 
|  58|0x0000000707400000, 0x0000000707400000, 0x0000000707600000|  0%| F|  |TAMS 0x0000000707400000, 0x0000000707400000| Untracked 
|  59|0x0000000707600000, 0x0000000707600000, 0x0000000707800000|  0%| F|  |TAMS 0x0000000707600000, 0x0000000707600000| Untracked 
|  60|0x0000000707800000, 0x0000000707800000, 0x0000000707a00000|  0%| F|  |TAMS 0x0000000707800000, 0x0000000707800000| Untracked 
|  61|0x0000000707a00000, 0x0000000707a00000, 0x0000000707c00000|  0%| F|  |TAMS 0x0000000707a00000, 0x0000000707a00000| Untracked 
|  62|0x0000000707c00000, 0x0000000707c00000, 0x0000000707e00000|  0%| F|  |TAMS 0x0000000707c00000, 0x0000000707c00000| Untracked 
|  63|0x0000000707e00000, 0x0000000707e00000, 0x0000000708000000|  0%| F|  |TAMS 0x0000000707e00000, 0x0000000707e00000| Untracked 
|  64|0x0000000708000000, 0x0000000708000000, 0x0000000708200000|  0%| F|  |TAMS 0x0000000708000000, 0x0000000708000000| Untracked 
|  65|0x0000000708200000, 0x0000000708200000, 0x0000000708400000|  0%| F|  |TAMS 0x0000000708200000, 0x0000000708200000| Untracked 
|  66|0x0000000708400000, 0x0000000708400000, 0x0000000708600000|  0%| F|  |TAMS 0x0000000708400000, 0x0000000708400000| Untracked 
|  67|0x0000000708600000, 0x0000000708600000, 0x0000000708800000|  0%| F|  |TAMS 0x0000000708600000, 0x0000000708600000| Untracked 
|  68|0x0000000708800000, 0x0000000708800000, 0x0000000708a00000|  0%| F|  |TAMS 0x0000000708800000, 0x0000000708800000| Untracked 
|  69|0x0000000708a00000, 0x0000000708a00000, 0x0000000708c00000|  0%| F|  |TAMS 0x0000000708a00000, 0x0000000708a00000| Untracked 
|  70|0x0000000708c00000, 0x0000000708c00000, 0x0000000708e00000|  0%| F|  |TAMS 0x0000000708c00000, 0x0000000708c00000| Untracked 
|  71|0x0000000708e00000, 0x0000000708e00000, 0x0000000709000000|  0%| F|  |TAMS 0x0000000708e00000, 0x0000000708e00000| Untracked 
|  72|0x0000000709000000, 0x0000000709000000, 0x0000000709200000|  0%| F|  |TAMS 0x0000000709000000, 0x0000000709000000| Untracked 
|  73|0x0000000709200000, 0x0000000709200000, 0x0000000709400000|  0%| F|  |TAMS 0x0000000709200000, 0x0000000709200000| Untracked 
|  74|0x0000000709400000, 0x0000000709400000, 0x0000000709600000|  0%| F|  |TAMS 0x0000000709400000, 0x0000000709400000| Untracked 
|  75|0x0000000709600000, 0x0000000709600000, 0x0000000709800000|  0%| F|  |TAMS 0x0000000709600000, 0x0000000709600000| Untracked 
|  76|0x0000000709800000, 0x0000000709800000, 0x0000000709a00000|  0%| F|  |TAMS 0x0000000709800000, 0x0000000709800000| Untracked 
|  77|0x0000000709a00000, 0x0000000709a00000, 0x0000000709c00000|  0%| F|  |TAMS 0x0000000709a00000, 0x0000000709a00000| Untracked 
|  78|0x0000000709c00000, 0x0000000709c00000, 0x0000000709e00000|  0%| F|  |TAMS 0x0000000709c00000, 0x0000000709c00000| Untracked 
|  79|0x0000000709e00000, 0x0000000709e00000, 0x000000070a000000|  0%| F|  |TAMS 0x0000000709e00000, 0x0000000709e00000| Untracked 
|  80|0x000000070a000000, 0x000000070a000000, 0x000000070a200000|  0%| F|  |TAMS 0x000000070a000000, 0x000000070a000000| Untracked 
|  81|0x000000070a200000, 0x000000070a200000, 0x000000070a400000|  0%| F|  |TAMS 0x000000070a200000, 0x000000070a200000| Untracked 
|  82|0x000000070a400000, 0x000000070a400000, 0x000000070a600000|  0%| F|  |TAMS 0x000000070a400000, 0x000000070a400000| Untracked 
|  83|0x000000070a600000, 0x000000070a600000, 0x000000070a800000|  0%| F|  |TAMS 0x000000070a600000, 0x000000070a600000| Untracked 
|  84|0x000000070a800000, 0x000000070a800000, 0x000000070aa00000|  0%| F|  |TAMS 0x000000070a800000, 0x000000070a800000| Untracked 
|  85|0x000000070aa00000, 0x000000070aa00000, 0x000000070ac00000|  0%| F|  |TAMS 0x000000070aa00000, 0x000000070aa00000| Untracked 
|  86|0x000000070ac00000, 0x000000070ac00000, 0x000000070ae00000|  0%| F|  |TAMS 0x000000070ac00000, 0x000000070ac00000| Untracked 
|  87|0x000000070ae00000, 0x000000070ae00000, 0x000000070b000000|  0%| F|  |TAMS 0x000000070ae00000, 0x000000070ae00000| Untracked 
|  88|0x000000070b000000, 0x000000070b000000, 0x000000070b200000|  0%| F|  |TAMS 0x000000070b000000, 0x000000070b000000| Untracked 
|  89|0x000000070b200000, 0x000000070b200000, 0x000000070b400000|  0%| F|  |TAMS 0x000000070b200000, 0x000000070b200000| Untracked 
|  90|0x000000070b400000, 0x000000070b400000, 0x000000070b600000|  0%| F|  |TAMS 0x000000070b400000, 0x000000070b400000| Untracked 
|  91|0x000000070b600000, 0x000000070b600000, 0x000000070b800000|  0%| F|  |TAMS 0x000000070b600000, 0x000000070b600000| Untracked 
|  92|0x000000070b800000, 0x000000070b800000, 0x000000070ba00000|  0%| F|  |TAMS 0x000000070b800000, 0x000000070b800000| Untracked 
|  93|0x000000070ba00000, 0x000000070ba00000, 0x000000070bc00000|  0%| F|  |TAMS 0x000000070ba00000, 0x000000070ba00000| Untracked 
|  94|0x000000070bc00000, 0x000000070bc00000, 0x000000070be00000|  0%| F|  |TAMS 0x000000070bc00000, 0x000000070bc00000| Untracked 
|  95|0x000000070be00000, 0x000000070be00000, 0x000000070c000000|  0%| F|  |TAMS 0x000000070be00000, 0x000000070be00000| Untracked 
|  96|0x000000070c000000, 0x000000070c000000, 0x000000070c200000|  0%| F|  |TAMS 0x000000070c000000, 0x000000070c000000| Untracked 
|  97|0x000000070c200000, 0x000000070c200000, 0x000000070c400000|  0%| F|  |TAMS 0x000000070c200000, 0x000000070c200000| Untracked 
|  98|0x000000070c400000, 0x000000070c400000, 0x000000070c600000|  0%| F|  |TAMS 0x000000070c400000, 0x000000070c400000| Untracked 
|  99|0x000000070c600000, 0x000000070c600000, 0x000000070c800000|  0%| F|  |TAMS 0x000000070c600000, 0x000000070c600000| Untracked 
| 100|0x000000070c800000, 0x000000070c800000, 0x000000070ca00000|  0%| F|  |TAMS 0x000000070c800000, 0x000000070c800000| Untracked 
| 101|0x000000070ca00000, 0x000000070ca00000, 0x000000070cc00000|  0%| F|  |TAMS 0x000000070ca00000, 0x000000070ca00000| Untracked 
| 102|0x000000070cc00000, 0x000000070cc00000, 0x000000070ce00000|  0%| F|  |TAMS 0x000000070cc00000, 0x000000070cc00000| Untracked 
| 103|0x000000070ce00000, 0x000000070ce00000, 0x000000070d000000|  0%| F|  |TAMS 0x000000070ce00000, 0x000000070ce00000| Untracked 
| 104|0x000000070d000000, 0x000000070d000000, 0x000000070d200000|  0%| F|  |TAMS 0x000000070d000000, 0x000000070d000000| Untracked 
| 105|0x000000070d200000, 0x000000070d200000, 0x000000070d400000|  0%| F|  |TAMS 0x000000070d200000, 0x000000070d200000| Untracked 
| 106|0x000000070d400000, 0x000000070d400000, 0x000000070d600000|  0%| F|  |TAMS 0x000000070d400000, 0x000000070d400000| Untracked 
| 107|0x000000070d600000, 0x000000070d600000, 0x000000070d800000|  0%| F|  |TAMS 0x000000070d600000, 0x000000070d600000| Untracked 
| 108|0x000000070d800000, 0x000000070d800000, 0x000000070da00000|  0%| F|  |TAMS 0x000000070d800000, 0x000000070d800000| Untracked 
| 109|0x000000070da00000, 0x000000070da00000, 0x000000070dc00000|  0%| F|  |TAMS 0x000000070da00000, 0x000000070da00000| Untracked 
| 110|0x000000070dc00000, 0x000000070dc00000, 0x000000070de00000|  0%| F|  |TAMS 0x000000070dc00000, 0x000000070dc00000| Untracked 
| 111|0x000000070de00000, 0x000000070de00000, 0x000000070e000000|  0%| F|  |TAMS 0x000000070de00000, 0x000000070de00000| Untracked 
| 112|0x000000070e000000, 0x000000070e000000, 0x000000070e200000|  0%| F|  |TAMS 0x000000070e000000, 0x000000070e000000| Untracked 
| 113|0x000000070e200000, 0x000000070e200000, 0x000000070e400000|  0%| F|  |TAMS 0x000000070e200000, 0x000000070e200000| Untracked 
| 114|0x000000070e400000, 0x000000070e400000, 0x000000070e600000|  0%| F|  |TAMS 0x000000070e400000, 0x000000070e400000| Untracked 
| 115|0x000000070e600000, 0x000000070e6b2228, 0x000000070e800000| 34%| E|  |TAMS 0x000000070e600000, 0x000000070e600000| Complete 
| 116|0x000000070e800000, 0x000000070ea00000, 0x000000070ea00000|100%| E|CS|TAMS 0x000000070e800000, 0x000000070e800000| Complete 
| 117|0x000000070ea00000, 0x000000070ec00000, 0x000000070ec00000|100%| E|CS|TAMS 0x000000070ea00000, 0x000000070ea00000| Complete 
| 118|0x000000070ec00000, 0x000000070ee00000, 0x000000070ee00000|100%| E|CS|TAMS 0x000000070ec00000, 0x000000070ec00000| Complete 
| 119|0x000000070ee00000, 0x000000070f000000, 0x000000070f000000|100%| E|CS|TAMS 0x000000070ee00000, 0x000000070ee00000| Complete 
| 120|0x000000070f000000, 0x000000070f200000, 0x000000070f200000|100%| E|CS|TAMS 0x000000070f000000, 0x000000070f000000| Complete 
| 121|0x000000070f200000, 0x000000070f370c50, 0x000000070f400000| 72%| S|CS|TAMS 0x000000070f200000, 0x000000070f200000| Complete 
| 122|0x000000070f400000, 0x000000070f600000, 0x000000070f600000|100%| E|CS|TAMS 0x000000070f400000, 0x000000070f400000| Complete 
| 123|0x000000070f600000, 0x000000070f800000, 0x000000070f800000|100%| E|CS|TAMS 0x000000070f600000, 0x000000070f600000| Complete 
| 124|0x000000070f800000, 0x000000070fa00000, 0x000000070fa00000|100%| E|CS|TAMS 0x000000070f800000, 0x000000070f800000| Complete 
| 125|0x000000070fa00000, 0x000000070fc00000, 0x000000070fc00000|100%| E|CS|TAMS 0x000000070fa00000, 0x000000070fa00000| Complete 
| 126|0x000000070fc00000, 0x000000070fe00000, 0x000000070fe00000|100%| E|CS|TAMS 0x000000070fc00000, 0x000000070fc00000| Complete 
| 127|0x000000070fe00000, 0x0000000710000000, 0x0000000710000000|100%| E|  |TAMS 0x000000070fe00000, 0x000000070fe00000| Complete 
|1534|0x00000007bfc00000, 0x00000007bfd51000, 0x00000007bfe00000| 65%|OA|  |TAMS 0x00000007bfc00000, 0x00000007bfc00000| Untracked 
|1535|0x00000007bfe00000, 0x00000007bfe79000, 0x00000007c0000000| 23%|CA|  |TAMS 0x00000007bfe00000, 0x00000007bfe00000| Untracked 

Card table byte_map: [0x000000011180f000,0x000000011200f000] _byte_map_base: 0x000000010e00f000

Marking Bits (Prev, Next): (CMBitMap*) 0x00007fd08c025c10, (CMBitMap*) 0x00007fd08c025c50
 Prev Bits: [0x000000011280f000, 0x000000011680f000)
 Next Bits: [0x000000012fe1d000, 0x0000000133e1d000)

Polling page: 0x000000010db76000

Metaspace:

Usage:
  Non-class:     12.42 MB capacity,    12.31 MB (>99%) used,    97.27 KB ( <1%) free+waste,    21.31 KB ( <1%) overhead. 
      Class:      1.86 MB capacity,     1.78 MB ( 96%) used,    71.56 KB (  4%) free+waste,     9.31 KB ( <1%) overhead. 
       Both:     14.28 MB capacity,    14.09 MB ( 99%) used,   168.84 KB (  1%) free+waste,    30.62 KB ( <1%) overhead. 

Virtual space:
  Non-class space:       14.00 MB reserved,      12.75 MB ( 91%) committed 
      Class space:        1.00 GB reserved,       2.00 MB ( <1%) committed 
             Both:        1.01 GB reserved,      14.75 MB (  1%) committed 

Chunk freelists:
   Non-Class:  97.00 KB
       Class:  31.00 KB
        Both:  128.00 KB

MaxMetaspaceSize: 17179869184.00 GB
CompressedClassSpaceSize: 1.00 GB

CodeHeap 'non-profiled nmethods': size=120032Kb used=449Kb max_used=449Kb free=119582Kb
 bounds [0x00000001288e5000, 0x0000000128b55000, 0x000000012fe1d000]
CodeHeap 'profiled nmethods': size=120028Kb used=2098Kb max_used=2098Kb free=117929Kb
 bounds [0x00000001213ae000, 0x000000012161e000, 0x00000001288e5000]
CodeHeap 'non-nmethods': size=5700Kb used=1465Kb max_used=1479Kb free=4234Kb
 bounds [0x0000000120e1d000, 0x000000012108d000, 0x00000001213ae000]
 total_blobs=2172 nmethods=1364 adapters=722
 compilation: enabled
              stopped_count=0, restarted_count=0
 full_count=0

Compilation events (20 events):
Event: 6.889 Thread 0x00007fd08b8d2600 1357       3       java.awt.geom.RectangularShape::<init> (5 bytes)
Event: 6.889 Thread 0x00007fd08b8d2600 nmethod 1357 0x00000001215b8110 code [0x00000001215b82a0, 0x00000001215b83f0]
Event: 6.889 Thread 0x00007fd08b8d2600 1358       3       java.lang.StrictMath::floorOrCeil (128 bytes)
Event: 6.890 Thread 0x00007fd08b8d2600 nmethod 1358 0x00000001215b8490 code [0x00000001215b8640, 0x00000001215b8a90]
Event: 6.890 Thread 0x00007fd08b8d2600 1359       3       sun.util.logging.PlatformLogger::isLoggable (23 bytes)
Event: 6.890 Thread 0x00007fd08b8d2600 nmethod 1359 0x00000001215b8b90 code [0x00000001215b8d40, 0x00000001215b9010]
Event: 6.890 Thread 0x00007fd08b8d2600 1360       3       sun.util.logging.internal.LoggingProviderImpl$JULWrapper::isLoggable (12 bytes)
Event: 6.890 Thread 0x00007fd08b8d2600 nmethod 1360 0x00000001215b9110 code [0x00000001215b92c0, 0x00000001215b95a0]
Event: 6.891 Thread 0x00007fd08b8d2600 1362       3       java.util.HashMap::put (13 bytes)
Event: 6.892 Thread 0x00007fd08b8d2600 nmethod 1362 0x00000001215b9710 code [0x00000001215b98c0, 0x00000001215b9bb0]
Event: 6.892 Thread 0x00007fd08b8d2600 1361       3       java.util.HashMap::tableSizeFor (32 bytes)
Event: 6.892 Thread 0x00007fd08b8d2600 nmethod 1361 0x00000001215b9d10 code [0x00000001215b9ec0, 0x00000001215ba0a0]
Event: 6.893 Thread 0x00007fd08b8d2600 1363       1       java.nio.DirectByteBuffer::address (5 bytes)
Event: 6.894 Thread 0x00007fd08b8d2600 nmethod 1363 0x0000000128955010 code [0x00000001289551a0, 0x0000000128955250]
Event: 6.894 Thread 0x00007fd08b8d2600 1365       3       java.nio.MappedByteBuffer::position (8 bytes)
Event: 6.894 Thread 0x00007fd08b8d2600 nmethod 1365 0x00000001215ba190 code [0x00000001215ba340, 0x00000001215ba4e0]
Event: 6.894 Thread 0x00007fd08b8d2600 1364       1       java.nio.DirectByteBuffer::attachment (5 bytes)
Event: 6.894 Thread 0x00007fd08b8d2600 nmethod 1364 0x0000000128955310 code [0x00000001289554a0, 0x0000000128955550]
Event: 6.894 Thread 0x00007fd08b8d2600 1366       3       java.nio.MappedByteBuffer::limit (8 bytes)
Event: 6.894 Thread 0x00007fd08b8d2600 nmethod 1366 0x00000001215ba590 code [0x00000001215ba740, 0x00000001215ba8e0]

GC Heap History (2 events):
Event: 0.731 GC heap before
{Heap before GC invocations=0 (full 0):
 garbage-first heap   total 266240K, used 14120K [0x0000000700000000, 0x0000000800000000)
  region size 2048K, 6 young (12288K), 0 survivors (0K)
 Metaspace       used 3442K, capacity 5949K, committed 6016K, reserved 1056768K
  class space    used 395K, capacity 594K, committed 640K, reserved 1048576K
}
Event: 0.735 GC heap after
{Heap after GC invocations=1 (full 0):
 garbage-first heap   total 266240K, used 3307K [0x0000000700000000, 0x0000000800000000)
  region size 2048K, 1 young (2048K), 1 survivors (2048K)
 Metaspace       used 3442K, capacity 5949K, committed 6016K, reserved 1056768K
  class space    used 395K, capacity 594K, committed 640K, reserved 1048576K
}

Deoptimization events (20 events):
Event: 0.623 Thread 0x00007fd08c815400 Uncommon trap: trap_request=0xffffff45 fr.pc=0x000000012890503c relative=0x0000000000000cbc
Event: 0.623 Thread 0x00007fd08c815400 Uncommon trap: reason=unstable_if action=reinterpret pc=0x000000012890503c method=java.util.HashMap.putVal(ILjava/lang/Object;Ljava/lang/Object;ZZ)Ljava/lang/Object; @ 193 c2
Event: 0.623 Thread 0x00007fd08c815400 DEOPT PACKING pc=0x000000012890503c sp=0x000070000d1af9c0
Event: 0.623 Thread 0x00007fd08c815400 DEOPT UNPACKING pc=0x0000000120e6b125 sp=0x000070000d1af970 mode 2
Event: 1.325 Thread 0x00007fd08b11cc00 Uncommon trap: trap_request=0xffffff45 fr.pc=0x000000012891ccb4 relative=0x0000000000000034
Event: 1.325 Thread 0x00007fd08b11cc00 Uncommon trap: reason=unstable_if action=reinterpret pc=0x000000012891ccb4 method=java.lang.StringLatin1.canEncode(I)Z @ 4 c2
Event: 1.325 Thread 0x00007fd08b11cc00 DEOPT PACKING pc=0x000000012891ccb4 sp=0x00007ffee20c1bf0
Event: 1.325 Thread 0x00007fd08b11cc00 DEOPT UNPACKING pc=0x0000000120e6b125 sp=0x00007ffee20c1ba0 mode 2
Event: 6.741 Thread 0x00007fd08b11cc00 Uncommon trap: trap_request=0xffffff45 fr.pc=0x00000001289282ec relative=0x0000000000000dec
Event: 6.741 Thread 0x00007fd08b11cc00 Uncommon trap: reason=unstable_if action=reinterpret pc=0x00000001289282ec method=java.util.HashMap.hash(Ljava/lang/Object;)I @ 1 c2
Event: 6.741 Thread 0x00007fd08b11cc00 DEOPT PACKING pc=0x00000001289282ec sp=0x00007ffee20c2e00
Event: 6.741 Thread 0x00007fd08b11cc00 DEOPT UNPACKING pc=0x0000000120e6b125 sp=0x00007ffee20c2d90 mode 2
Event: 6.743 Thread 0x00007fd08b11cc00 Uncommon trap: trap_request=0xffffff45 fr.pc=0x0000000128947f28 relative=0x0000000000000468
Event: 6.743 Thread 0x00007fd08b11cc00 Uncommon trap: reason=unstable_if action=reinterpret pc=0x0000000128947f28 method=java.util.HashMap.hash(Ljava/lang/Object;)I @ 1 c2
Event: 6.743 Thread 0x00007fd08b11cc00 DEOPT PACKING pc=0x0000000128947f28 sp=0x00007ffee20c2db0
Event: 6.743 Thread 0x00007fd08b11cc00 DEOPT UNPACKING pc=0x0000000120e6b125 sp=0x00007ffee20c2c68 mode 2
Event: 6.743 Thread 0x00007fd08b11cc00 Uncommon trap: trap_request=0xffffff45 fr.pc=0x000000012894671c relative=0x000000000000045c
Event: 6.743 Thread 0x00007fd08b11cc00 Uncommon trap: reason=unstable_if action=reinterpret pc=0x000000012894671c method=java.util.HashMap.hash(Ljava/lang/Object;)I @ 1 c2
Event: 6.743 Thread 0x00007fd08b11cc00 DEOPT PACKING pc=0x000000012894671c sp=0x00007ffee20c2d60
Event: 6.743 Thread 0x00007fd08b11cc00 DEOPT UNPACKING pc=0x0000000120e6b125 sp=0x00007ffee20c2c88 mode 2

Classes unloaded (0 events):
No events

Classes redefined (0 events):
No events

Internal exceptions (20 events):
Event: 6.626 Thread 0x00007fd08b11cc00 Exception <a 'java/lang/ClassNotFoundException'{0x000000070eb7caf8}: sun/awt/resources/spi/awtProvider> (0x000000070eb7caf8) 
thrown [./open/src/hotspot/share/classfile/systemDictionary.cpp, line 295]
Event: 6.631 Thread 0x00007fd08b11cc00 Exception <a 'java/io/FileNotFoundException'{0x000000070eb83f30}> (0x000000070eb83f30) 
thrown [./open/src/hotspot/share/prims/jni.cpp, line 578]
Event: 6.631 Thread 0x00007fd08b11cc00 Exception <a 'java/io/FileNotFoundException'{0x000000070eb85168}> (0x000000070eb85168) 
thrown [./open/src/hotspot/share/prims/jni.cpp, line 578]
Event: 6.644 Thread 0x00007fd08b11cc00 Exception <a 'java/lang/ClassNotFoundException'{0x000000070eb995a0}: sun/awt/resources/spi/awtosxProvider> (0x000000070eb995a0) 
thrown [./open/src/hotspot/share/classfile/systemDictionary.cpp, line 295]
Event: 6.714 Thread 0x00007fd08b11cc00 Exception <a 'java/lang/NoSuchMethodError'{0x000000070e86e9c8}: 'java.lang.Object java.lang.invoke.DirectMethodHandle$Holder.invokeStatic(java.lang.Object, int, java.lang.Object, java.lang.Object, java.lang.Object, java.lang.Object)'> (0x000000070e86e9c8) 
thrown [./open/src/hotspot/share/interpreter/linkResolver.cpp, line 782]
Event: 6.717 Thread 0x00007fd08b11cc00 Exception <a 'java/lang/NoSuchMethodError'{0x000000070e894ed8}: 'java.lang.Object java.lang.invoke.DirectMethodHandle$Holder.invokeStatic(java.lang.Object, int, java.lang.Object)'> (0x000000070e894ed8) 
thrown [./open/src/hotspot/share/interpreter/linkResolver.cpp, line 782]
Event: 6.721 Thread 0x00007fd08b11cc00 Exception <a 'java/lang/ClassNotFoundException'{0x000000070e8c56e8}: com/apple/laf/resources/spi/aquaProvider> (0x000000070e8c56e8) 
thrown [./open/src/hotspot/share/classfile/systemDictionary.cpp, line 295]
Event: 6.736 Thread 0x00007fd08b11cc00 Exception <a 'java/lang/ClassNotFoundException'{0x000000070e934c30}: com/sun/swing/internal/plaf/basic/resources/spi/basicProvider> (0x000000070e934c30) 
thrown [./open/src/hotspot/share/classfile/systemDictionary.cpp, line 295]
Event: 6.741 Thread 0x00007fd08b11cc00 Implicit null exception at 0x0000000128927540 to 0x00000001289282d0
Event: 6.743 Thread 0x00007fd08b11cc00 Implicit null exception at 0x0000000128947b0f to 0x0000000128947f08
Event: 6.743 Thread 0x00007fd08b11cc00 Implicit null exception at 0x000000012894630f to 0x00000001289466fc
Event: 6.755 Thread 0x00007fd08b11cc00 Exception <a 'java/lang/NoSuchMethodError'{0x000000070e966470}: 'java.lang.Object java.lang.invoke.DirectMethodHandle$Holder.newInvokeSpecial(java.lang.Object, java.lang.Object, java.lang.Object, int, java.lang.Object)'> (0x000000070e966470) 
thrown [./open/src/hotspot/share/interpreter/linkResolver.cpp, line 782]
Event: 6.763 Thread 0x00007fd08b11cc00 Exception <a 'java/lang/NoSuchMethodError'{0x000000070e975560}: 'void java.lang.invoke.DirectMethodHandle$Holder.invokeStatic(java.lang.Object, int, long)'> (0x000000070e975560) 
thrown [./open/src/hotspot/share/interpreter/linkResolver.cpp, line 782]
Event: 6.768 Thread 0x00007fd08c115e00 Exception <a 'java/lang/NoSuchMethodError'{0x000000070e990fc8}: 'void java.lang.invoke.DirectMethodHandle$Holder.invokeStatic(java.lang.Object, long)'> (0x000000070e990fc8) 
thrown [./open/src/hotspot/share/interpreter/linkResolver.cpp, line 782]
Event: 6.768 Thread 0x00007fd08b11cc00 Exception <a 'java/lang/NoSuchMethodError'{0x000000070e98f658}: 'java.lang.Object java.lang.invoke.Invokers$Holder.linkToTargetMethod(int, int, int, int, java.lang.Object)'> (0x000000070e98f658) 
thrown [./open/src/hotspot/share/interpreter/linkResolver.cpp, line 782]
Event: 6.769 Thread 0x00007fd08b11cc00 Exception <a 'java/lang/NoSuchMethodError'{0x000000070e9bfe28}: 'void java.lang.invoke.DirectMethodHandle$Holder.invokeStatic(java.lang.Object, java.lang.Object, long)'> (0x000000070e9bfe28) 
thrown [./open/src/hotspot/share/interpreter/linkResolver.cpp, line 782]
Event: 6.779 Thread 0x00007fd08b11cc00 Exception <a 'java/lang/NoSuchMethodError'{0x000000070e9dab70}: 'void java.lang.invoke.DirectMethodHandle$Holder.invokeSpecial(java.lang.Object, java.lang.Object, long)'> (0x000000070e9dab70) 
thrown [./open/src/hotspot/share/interpreter/linkResolver.cpp, line 782]
Event: 6.780 Thread 0x00007fd08b11cc00 Exception <a 'java/lang/NoSuchMethodError'{0x000000070e9e0d30}: 'void java.lang.invoke.DirectMethodHandle$Holder.invokeStatic(java.lang.Object, long, long)'> (0x000000070e9e0d30) 
thrown [./open/src/hotspot/share/interpreter/linkResolver.cpp, line 782]
Event: 6.780 Thread 0x00007fd08b11cc00 Exception <a 'java/lang/NoSuchMethodError'{0x000000070e9e6890}: 'java.lang.Object java.lang.invoke.DirectMethodHandle$Holder.newInvokeSpecial(java.lang.Object, long)'> (0x000000070e9e6890) 
thrown [./open/src/hotspot/share/interpreter/linkResolver.cpp, line 782]
Event: 6.894 Thread 0x00007fd08c115e00 Exception <a 'sun/nio/fs/UnixException'{0x000000070e9abf18}> (0x000000070e9abf18) 
thrown [./open/src/hotspot/share/prims/jni.cpp, line 578]

Events (20 events):
Event: 6.891 loading class java/util/MissingResourceException
Event: 6.891 loading class java/util/MissingResourceException done
Event: 6.892 loading class sun/awt/im/InputMethodManager
Event: 6.892 loading class sun/awt/im/InputMethodManager done
Event: 6.892 loading class sun/awt/im/ExecutableInputMethodManager
Event: 6.892 loading class sun/awt/im/ExecutableInputMethodManager done
Event: 6.892 loading class sun/lwawt/macosx/CInputMethodDescriptor
Event: 6.892 loading class java/awt/im/spi/InputMethodDescriptor
Event: 6.892 loading class java/awt/im/spi/InputMethodDescriptor done
Event: 6.892 loading class sun/lwawt/macosx/CInputMethodDescriptor done
Event: 6.893 loading class sun/awt/im/InputMethodLocator
Event: 6.893 loading class sun/awt/im/InputMethodLocator done
Event: 6.893 loading class sun/awt/im/ExecutableInputMethodManager$3
Event: 6.893 loading class sun/awt/im/ExecutableInputMethodManager$3 done
Event: 6.895 loading class sun/lwawt/macosx/CInputMethod
Event: 6.895 loading class sun/awt/im/InputMethodAdapter
Event: 6.895 loading class java/awt/im/spi/InputMethod
Event: 6.895 loading class java/awt/im/spi/InputMethod done
Event: 6.895 loading class sun/awt/im/InputMethodAdapter done
Event: 6.895 loading class sun/lwawt/macosx/CInputMethod done


Dynamic libraries:
0x00007fff2a6d6000 	/usr/lib/libz.1.dylib
0x000000010db43000 	/Library/Java/JavaVirtualMachines/jdk-15.jdk/Contents/Home/lib/libjli.dylib
0x00007fff35228000 	/System/Library/Frameworks/Cocoa.framework/Versions/A/Cocoa
0x00007fff2244d000 	/System/Library/Frameworks/Security.framework/Versions/A/Security
0x00007fff33425000 	/System/Library/Frameworks/ApplicationServices.framework/Versions/A/ApplicationServices
0x00007fff2a79e000 	/usr/lib/libSystem.B.dylib
0x00007fff2a798000 	/usr/lib/system/libcache.dylib
0x00007fff2a754000 	/usr/lib/system/libcommonCrypto.dylib
0x00007fff2a77e000 	/usr/lib/system/libcompiler_rt.dylib
0x00007fff2a773000 	/usr/lib/system/libcopyfile.dylib
0x00007fff20321000 	/usr/lib/system/libcorecrypto.dylib
0x00007fff203ee000 	/usr/lib/system/libdispatch.dylib
0x00007fff205a2000 	/usr/lib/system/libdyld.dylib
0x00007fff2a78f000 	/usr/lib/system/libkeymgr.dylib
0x00007fff2dbd7000 	/usr/lib/system/liblaunch.dylib
0x00007fff2a732000 	/usr/lib/system/libmacho.dylib
0x00007fff29f4c000 	/usr/lib/system/libquarantine.dylib
0x00007fff2a78c000 	/usr/lib/system/libremovefile.dylib
0x00007fff24de4000 	/usr/lib/system/libsystem_asl.dylib
0x00007fff202d1000 	/usr/lib/system/libsystem_blocks.dylib
0x00007fff2046f000 	/usr/lib/system/libsystem_c.dylib
0x00007fff2a786000 	/usr/lib/system/libsystem_collections.dylib
0x00007fff29240000 	/usr/lib/system/libsystem_configuration.dylib
0x00007fff28533000 	/usr/lib/system/libsystem_containermanager.dylib
0x00007fff2a4ce000 	/usr/lib/system/libsystem_coreservices.dylib
0x00007fff22a01000 	/usr/lib/system/libsystem_darwin.dylib
0x00007fff2a790000 	/usr/lib/system/libsystem_dnssd.dylib
0x00007fff2046c000 	/usr/lib/system/libsystem_featureflags.dylib
0x00007fff205e7000 	/usr/lib/system/libsystem_info.dylib
0x00007fff2a6e9000 	/usr/lib/system/libsystem_m.dylib
0x00007fff203c1000 	/usr/lib/system/libsystem_malloc.dylib
0x00007fff24d78000 	/usr/lib/system/libsystem_networkextension.dylib
0x00007fff22e1c000 	/usr/lib/system/libsystem_notify.dylib
0x00007fff3008b000 	/usr/lib/system/libsystem_product_info_filter.dylib
0x00007fff29244000 	/usr/lib/system/libsystem_sandbox.dylib
0x00007fff2a789000 	/usr/lib/system/libsystem_secinit.dylib
0x00007fff20567000 	/usr/lib/system/libsystem_kernel.dylib
0x00007fff205dd000 	/usr/lib/system/libsystem_platform.dylib
0x00007fff20596000 	/usr/lib/system/libsystem_pthread.dylib
0x00007fff264e3000 	/usr/lib/system/libsystem_symptoms.dylib
0x00007fff20309000 	/usr/lib/system/libsystem_trace.dylib
0x00007fff2a760000 	/usr/lib/system/libunwind.dylib
0x00007fff202d3000 	/usr/lib/system/libxpc.dylib
0x00007fff2054e000 	/usr/lib/libc++abi.dylib
0x00007fff20433000 	/usr/lib/libobjc.A.dylib
0x00007fff2a76b000 	/usr/lib/liboah.dylib
0x00007fff204f8000 	/usr/lib/libc++.1.dylib
0x00007fff20613000 	/System/Library/Frameworks/CoreFoundation.framework/Versions/A/CoreFoundation
0x00007fff213c0000 	/System/Library/Frameworks/Foundation.framework/Versions/C/Foundation
0x00007fff22e74000 	/System/Library/Frameworks/AppKit.framework/Versions/C/AppKit
0x00007fff25d0c000 	/System/Library/Frameworks/CoreData.framework/Versions/A/CoreData
0x00007fff23bd7000 	/System/Library/PrivateFrameworks/UIFoundation.framework/Versions/A/UIFoundation
0x00007fff2fe04000 	/System/Library/PrivateFrameworks/RemoteViewServices.framework/Versions/A/RemoteViewServices
0x00007fff28bfd000 	/System/Library/PrivateFrameworks/XCTTargetBootstrap.framework/Versions/A/XCTTargetBootstrap
0x00007fff2b8de000 	/usr/lib/libspindump.dylib
0x00007fff23e2c000 	/System/Library/Frameworks/UniformTypeIdentifiers.framework/Versions/A/UniformTypeIdentifiers
0x00007fff273d3000 	/usr/lib/libapp_launch_measurement.dylib
0x00007fff273d6000 	/System/Library/PrivateFrameworks/CoreAutoLayout.framework/Versions/A/CoreAutoLayout
0x00007fff2855f000 	/System/Library/Frameworks/Metal.framework/Versions/A/Metal
0x00007fff2924f000 	/usr/lib/liblangid.dylib
0x00007fff28c01000 	/System/Library/PrivateFrameworks/CoreSVG.framework/Versions/A/CoreSVG
0x00007fff24e13000 	/System/Library/PrivateFrameworks/SkyLight.framework/Versions/A/SkyLight
0x00007fff2517a000 	/System/Library/Frameworks/CoreGraphics.framework/Versions/A/CoreGraphics
0x00007fff3045b000 	/System/Library/Frameworks/Accelerate.framework/Versions/A/Accelerate
0x00007fff2b319000 	/System/Library/PrivateFrameworks/IconServices.framework/Versions/A/IconServices
0x00007fff28544000 	/System/Library/Frameworks/IOSurface.framework/Versions/A/IOSurface
0x00007fff26695000 	/usr/lib/libDiagnosticMessagesClient.dylib
0x00007fff28be9000 	/System/Library/PrivateFrameworks/DFRFoundation.framework/Versions/A/DFRFoundation
0x00007fff2279f000 	/usr/lib/libicucore.A.dylib
0x00007fff2ce25000 	/System/Library/Frameworks/AudioToolbox.framework/Versions/A/AudioToolbox
0x00007fff2c0ca000 	/System/Library/PrivateFrameworks/DataDetectorsCore.framework/Versions/A/DataDetectorsCore
0x00007fff288e9000 	/System/Library/Frameworks/Carbon.framework/Versions/A/Frameworks/HIToolbox.framework/Versions/A/HIToolbox
0x00007fff26e2e000 	/System/Library/Frameworks/QuartzCore.framework/Versions/A/QuartzCore
0x00007fff2fe40000 	/System/Library/Frameworks/Carbon.framework/Versions/A/Frameworks/SpeechRecognition.framework/Versions/A/SpeechRecognition
0x00007fff2713b000 	/System/Library/PrivateFrameworks/CoreUI.framework/Versions/A/CoreUI
0x00007fff21da8000 	/System/Library/Frameworks/CoreAudio.framework/Versions/A/CoreAudio
0x00007fff26780000 	/System/Library/Frameworks/DiskArbitration.framework/Versions/A/DiskArbitration
0x00007fff2bcd9000 	/System/Library/PrivateFrameworks/MultitouchSupport.framework/Versions/A/MultitouchSupport
0x00007fff2c0c1000 	/System/Library/PrivateFrameworks/InternationalSupport.framework/Versions/A/InternationalSupport
0x00007fff24d87000 	/usr/lib/libenergytrace.dylib
0x00007fff22d6d000 	/System/Library/Frameworks/IOKit.framework/Versions/A/IOKit
0x00007fff3018d000 	/System/Library/Frameworks/CoreServices.framework/Versions/A/CoreServices
0x00007fff27369000 	/System/Library/PrivateFrameworks/PerformanceAnalysis.framework/Versions/A/PerformanceAnalysis
0x00007fff6caf7000 	/System/Library/Frameworks/OpenGL.framework/Versions/A/OpenGL
0x00007fff2c146000 	/System/Library/PrivateFrameworks/UserActivity.framework/Versions/A/UserActivity
0x00007fff2580e000 	/System/Library/Frameworks/ColorSync.framework/Versions/A/ColorSync
0x00007fff28e66000 	/System/Library/Frameworks/CoreImage.framework/Versions/A/CoreImage
0x00007fff21bbf000 	/System/Library/Frameworks/CoreText.framework/Versions/A/CoreText
0x00007fff28c2b000 	/System/Library/Frameworks/ImageIO.framework/Versions/A/ImageIO
0x00007fff2a7a4000 	/System/Library/PrivateFrameworks/SoftLinking.framework/Versions/A/SoftLinking
0x00007fff2741f000 	/usr/lib/libxml2.2.dylib
0x00007fff2aa16000 	/usr/lib/libcompression.dylib
0x00007fff24d88000 	/usr/lib/libMobileGestalt.dylib
0x00007fff2bff4000 	/System/Library/PrivateFrameworks/TextureIO.framework/Versions/A/TextureIO
0x00007fff2b03c000 	/usr/lib/libate.dylib
0x00007fff2ae21000 	/usr/lib/liblzma.5.dylib
0x00007fff210d4000 	/System/Library/Frameworks/SystemConfiguration.framework/Versions/A/SystemConfiguration
0x00007fff2a7a0000 	/usr/lib/libfakelink.dylib
0x00007fff248da000 	/System/Library/Frameworks/CFNetwork.framework/Versions/A/CFNetwork
0x00007fff2a8e0000 	/usr/lib/libarchive.2.dylib
0x00007fff21152000 	/usr/lib/libCRFSuite.dylib
0x00007fff29f73000 	/usr/lib/libbsm.0.dylib
0x00007fff24296000 	/usr/lib/libnetwork.dylib
0x00007fff2a7a5000 	/usr/lib/libpcap.A.dylib
0x00007fff264dc000 	/usr/lib/libdns_services.dylib
0x00007fff2ae3a000 	/usr/lib/libcoretls_cfhelpers.dylib
0x00007fff2a9e4000 	/usr/lib/libapple_nghttp2.dylib
0x00007fff2a738000 	/usr/lib/system/libkxld.dylib
0x00007fff26142000 	/usr/lib/libsqlite3.dylib
0x00007fff2a4b0000 	/System/Library/PrivateFrameworks/AppleFSCompression.framework/Versions/A/AppleFSCompression
0x00007fff29f5b000 	/usr/lib/libcoretls.dylib
0x00007fff2aa11000 	/usr/lib/libpam.2.dylib
0x00007fff2af37000 	/usr/lib/libxar.1.dylib
0x00007fff2924b000 	/System/Library/PrivateFrameworks/AppleSystemInfo.framework/Versions/A/AppleSystemInfo
0x00007fff29b9e000 	/System/Library/PrivateFrameworks/IOMobileFramebuffer.framework/Versions/A/IOMobileFramebuffer
0x00007fff2a4c0000 	/usr/lib/libbz2.1.0.dylib
0x00007fff2a7dd000 	/usr/lib/libiconv.2.dylib
0x00007fff2a731000 	/usr/lib/libcharset.1.dylib
0x00007fff273a5000 	/System/Library/Frameworks/CoreServices.framework/Versions/A/Frameworks/FSEvents.framework/Versions/A/FSEvents
0x00007fff22a0b000 	/System/Library/Frameworks/CoreServices.framework/Versions/A/Frameworks/CarbonCore.framework/Versions/A/CarbonCore
0x00007fff266e5000 	/System/Library/Frameworks/CoreServices.framework/Versions/A/Frameworks/Metadata.framework/Versions/A/Metadata
0x00007fff2a4d3000 	/System/Library/Frameworks/CoreServices.framework/Versions/A/Frameworks/OSServices.framework/Versions/A/OSServices
0x00007fff2a952000 	/System/Library/Frameworks/CoreServices.framework/Versions/A/Frameworks/SearchKit.framework/Versions/A/SearchKit
0x00007fff26466000 	/System/Library/Frameworks/CoreServices.framework/Versions/A/Frameworks/AE.framework/Versions/A/AE
0x00007fff20aaf000 	/System/Library/Frameworks/CoreServices.framework/Versions/A/Frameworks/LaunchServices.framework/Versions/A/LaunchServices
0x00007fff2add2000 	/System/Library/Frameworks/CoreServices.framework/Versions/A/Frameworks/DictionaryServices.framework/Versions/A/DictionaryServices
0x00007fff273ae000 	/System/Library/Frameworks/CoreServices.framework/Versions/A/Frameworks/SharedFileList.framework/Versions/A/SharedFileList
0x00007fff29f4f000 	/usr/lib/libCheckFix.dylib
0x00007fff24dfb000 	/System/Library/PrivateFrameworks/TCC.framework/Versions/A/TCC
0x00007fff29251000 	/System/Library/PrivateFrameworks/CoreNLP.framework/Versions/A/CoreNLP
0x00007fff26698000 	/System/Library/PrivateFrameworks/MetadataUtilities.framework/Versions/A/MetadataUtilities
0x00007fff21188000 	/usr/lib/libmecabra.dylib
0x00007fff2a262000 	/System/Library/Frameworks/MLCompute.framework/Versions/A/MLCompute
0x00007fff29f84000 	/usr/lib/libmecab.dylib
0x00007fff29fce000 	/usr/lib/libgermantok.dylib
0x00007fff2a9ba000 	/usr/lib/libThaiTokenizer.dylib
0x00007fff2af72000 	/usr/lib/libChineseTokenizer.dylib
0x00007fff2aa0f000 	/System/Library/Frameworks/MetalPerformanceShaders.framework/Versions/A/MetalPerformanceShaders
0x00007fff26787000 	/System/Library/Frameworks/Accelerate.framework/Versions/A/Frameworks/vImage.framework/Versions/A/vImage
0x00007fff30166000 	/System/Library/Frameworks/Accelerate.framework/Versions/A/Frameworks/vecLib.framework/Versions/A/vecLib
0x00007fff2af7d000 	/System/Library/Frameworks/Accelerate.framework/Versions/A/Frameworks/vecLib.framework/Versions/A/libvMisc.dylib
0x00007fff299b7000 	/System/Library/Frameworks/Accelerate.framework/Versions/A/Frameworks/vecLib.framework/Versions/A/libvDSP.dylib
0x00007fff20db3000 	/System/Library/Frameworks/Accelerate.framework/Versions/A/Frameworks/vecLib.framework/Versions/A/libBLAS.dylib
0x00007fff2aa35000 	/System/Library/Frameworks/Accelerate.framework/Versions/A/Frameworks/vecLib.framework/Versions/A/libLAPACK.dylib
0x00007fff29fd4000 	/System/Library/Frameworks/Accelerate.framework/Versions/A/Frameworks/vecLib.framework/Versions/A/libLinearAlgebra.dylib
0x00007fff2a9fc000 	/System/Library/Frameworks/Accelerate.framework/Versions/A/Frameworks/vecLib.framework/Versions/A/libSparseBLAS.dylib
0x00007fff2aa2f000 	/System/Library/Frameworks/Accelerate.framework/Versions/A/Frameworks/vecLib.framework/Versions/A/libQuadrature.dylib
0x00007fff292f9000 	/System/Library/Frameworks/Accelerate.framework/Versions/A/Frameworks/vecLib.framework/Versions/A/libBNNS.dylib
0x00007fff21065000 	/System/Library/Frameworks/Accelerate.framework/Versions/A/Frameworks/vecLib.framework/Versions/A/libSparse.dylib
0x00007fff291e4000 	/System/Library/Frameworks/MetalPerformanceShaders.framework/Versions/A/Frameworks/MPSCore.framework/Versions/A/MPSCore
0x00007fff2a41f000 	/System/Library/Frameworks/MetalPerformanceShaders.framework/Versions/A/Frameworks/MPSImage.framework/Versions/A/MPSImage
0x00007fff29fea000 	/System/Library/Frameworks/MetalPerformanceShaders.framework/Versions/A/Frameworks/MPSNeuralNetwork.framework/Versions/A/MPSNeuralNetwork
0x00007fff2a3aa000 	/System/Library/Frameworks/MetalPerformanceShaders.framework/Versions/A/Frameworks/MPSMatrix.framework/Versions/A/MPSMatrix
0x00007fff2a212000 	/System/Library/Frameworks/MetalPerformanceShaders.framework/Versions/A/Frameworks/MPSRayIntersector.framework/Versions/A/MPSRayIntersector
0x00007fff2a3e1000 	/System/Library/Frameworks/MetalPerformanceShaders.framework/Versions/A/Frameworks/MPSNDArray.framework/Versions/A/MPSNDArray
0x00007fff20cdf000 	/System/Library/PrivateFrameworks/MetalTools.framework/Versions/A/MetalTools
0x00007fff29249000 	/System/Library/PrivateFrameworks/AggregateDictionary.framework/Versions/A/AggregateDictionary
0x00007fff26670000 	/System/Library/PrivateFrameworks/CoreAnalytics.framework/Versions/A/CoreAnalytics
0x00007fff2a9bc000 	/System/Library/PrivateFrameworks/AppleSauce.framework/Versions/A/AppleSauce
0x00007fff28556000 	/System/Library/PrivateFrameworks/IOAccelerator.framework/Versions/A/IOAccelerator
0x00007fff6caeb000 	/System/Library/Frameworks/OpenGL.framework/Versions/A/Libraries/libCoreFSCache.dylib
0x00007fff21724000 	/System/Library/PrivateFrameworks/LanguageModeling.framework/Versions/A/LanguageModeling
0x00007fff29b8b000 	/System/Library/PrivateFrameworks/CoreEmoji.framework/Versions/A/CoreEmoji
0x00007fff292f2000 	/System/Library/PrivateFrameworks/LinguisticData.framework/Versions/A/LinguisticData
0x00007fff21017000 	/System/Library/PrivateFrameworks/Lexicon.framework/Versions/A/Lexicon
0x00007fff2a8ce000 	/usr/lib/libcmph.dylib
0x00007fff27385000 	/System/Library/Frameworks/OpenDirectory.framework/Versions/A/Frameworks/CFOpenDirectory.framework/Versions/A/CFOpenDirectory
0x00007fff27375000 	/System/Library/Frameworks/OpenDirectory.framework/Versions/A/OpenDirectory
0x00007fff2ae3c000 	/System/Library/PrivateFrameworks/APFS.framework/Versions/A/APFS
0x00007fff29eb0000 	/System/Library/Frameworks/SecurityFoundation.framework/Versions/A/SecurityFoundation
0x00007fff2af45000 	/usr/lib/libutil.dylib
0x00007fff22d32000 	/System/Library/PrivateFrameworks/CoreServicesStore.framework/Versions/A/CoreServicesStore
0x00007fff29f47000 	/System/Library/Frameworks/ServiceManagement.framework/Versions/A/ServiceManagement
0x00007fff2af49000 	/usr/lib/libxslt.1.dylib
0x00007fff29f3d000 	/System/Library/PrivateFrameworks/BackgroundTaskManagement.framework/Versions/A/BackgroundTaskManagement
0x00007fff2bf3e000 	/System/Library/Frameworks/ImageIO.framework/Versions/A/Resources/libRadiance.dylib
0x00007fff2bf48000 	/System/Library/Frameworks/ImageIO.framework/Versions/A/Resources/libJPEG.dylib
0x00007fff2be93000 	/System/Library/Frameworks/ImageIO.framework/Versions/A/Resources/libPng.dylib
0x00007fff2beba000 	/System/Library/Frameworks/ImageIO.framework/Versions/A/Resources/libTIFF.dylib
0x00007fff2bf9d000 	/System/Library/Frameworks/ImageIO.framework/Versions/A/Resources/libGIF.dylib
0x00007fff2bbf6000 	/System/Library/Frameworks/ImageIO.framework/Versions/A/Resources/libJP2.dylib
0x00007fff2b2e0000 	/usr/lib/libexpat.1.dylib
0x00007fff2bbab000 	/System/Library/PrivateFrameworks/AppleJPEG.framework/Versions/A/AppleJPEG
0x00007fff2878c000 	/System/Library/PrivateFrameworks/FontServices.framework/libFontParser.dylib
0x00007fff2641a000 	/System/Library/PrivateFrameworks/RunningBoardServices.framework/Versions/A/RunningBoardServices
0x00007fff2bcd5000 	/System/Library/PrivateFrameworks/WatchdogClient.framework/Versions/A/WatchdogClient
0x00007fff21811000 	/System/Library/Frameworks/CoreDisplay.framework/Versions/A/CoreDisplay
0x00007fff286a2000 	/System/Library/Frameworks/CoreMedia.framework/Versions/A/CoreMedia
0x00007fff27502000 	/System/Library/Frameworks/CoreVideo.framework/Versions/A/CoreVideo
0x00007fff2bd0d000 	/System/Library/Frameworks/VideoToolbox.framework/Versions/A/VideoToolbox
0x00007fff26398000 	/System/Library/PrivateFrameworks/BaseBoard.framework/Versions/A/BaseBoard
0x00007fff2b425000 	/System/Library/PrivateFrameworks/PersistentConnection.framework/Versions/A/PersistentConnection
0x00007fff2612b000 	/System/Library/PrivateFrameworks/ProtocolBuffer.framework/Versions/A/ProtocolBuffer
0x00007fff2637f000 	/System/Library/PrivateFrameworks/CommonUtilities.framework/Versions/A/CommonUtilities
0x00007fff2bb40000 	/System/Library/PrivateFrameworks/Bom.framework/Versions/A/Bom
0x00007fff2bf37000 	/System/Library/PrivateFrameworks/GPUWrangler.framework/Versions/A/GPUWrangler
0x00007fff2bf1a000 	/System/Library/PrivateFrameworks/IOPresentment.framework/Versions/A/IOPresentment
0x00007fff2bf42000 	/System/Library/PrivateFrameworks/DSExternalDisplay.framework/Versions/A/DSExternalDisplay
0x00007fff2bfa2000 	/System/Library/PrivateFrameworks/CMCaptureCore.framework/Versions/A/CMCaptureCore
0x00007fff2b8c5000 	/System/Library/PrivateFrameworks/AppServerSupport.framework/Versions/A/AppServerSupport
0x00007fff2d976000 	/System/Library/PrivateFrameworks/perfdata.framework/Versions/A/perfdata
0x00007fff29e9f000 	/System/Library/PrivateFrameworks/AssertionServices.framework/Versions/A/AssertionServices
0x00007fff21948000 	/System/Library/PrivateFrameworks/AudioToolboxCore.framework/Versions/A/AudioToolboxCore
0x00007fff28685000 	/System/Library/PrivateFrameworks/caulk.framework/Versions/A/caulk
0x00007fff3d621000 	/System/Library/PrivateFrameworks/SystemPolicy.framework/Versions/A/SystemPolicy
0x00007fff2b0d5000 	/usr/lib/libIOReport.dylib
0x00007fff2d198000 	/usr/lib/libSMC.dylib
0x00007fff2be60000 	/usr/lib/libAudioToolboxUtility.dylib
0x00007fff3df8b000 	/usr/lib/libmis.dylib
0x00007fff6cb47000 	/System/Library/Frameworks/OpenGL.framework/Versions/A/Libraries/libGLU.dylib
0x00007fff6cb0a000 	/System/Library/Frameworks/OpenGL.framework/Versions/A/Libraries/libGFXShared.dylib
0x00007fff6cd19000 	/System/Library/Frameworks/OpenGL.framework/Versions/A/Libraries/libGL.dylib
0x00007fff6cb13000 	/System/Library/Frameworks/OpenGL.framework/Versions/A/Libraries/libGLImage.dylib
0x00007fff6cb07000 	/System/Library/Frameworks/OpenGL.framework/Versions/A/Libraries/libCVMSPluginSupport.dylib
0x00007fff6caf2000 	/System/Library/Frameworks/OpenGL.framework/Versions/A/Libraries/libCoreVMClient.dylib
0x00007fff6e15a000 	/System/Library/Frameworks/OpenCL.framework/Versions/A/OpenCL
0x00007fff2b44f000 	/System/Library/PrivateFrameworks/GraphVisualizer.framework/Versions/A/GraphVisualizer
0x00007fff2b45e000 	/System/Library/PrivateFrameworks/FaceCore.framework/Versions/A/FaceCore
0x00007fff2b87a000 	/System/Library/PrivateFrameworks/OTSVG.framework/Versions/A/OTSVG
0x00007fff270f9000 	/System/Library/Frameworks/ApplicationServices.framework/Versions/A/Frameworks/ATS.framework/Versions/A/Resources/libFontRegistry.dylib
0x00007fff2b8cc000 	/System/Library/PrivateFrameworks/FontServices.framework/libhvf.dylib
0x00007fff2b28c000 	/System/Library/PrivateFrameworks/AppleVA.framework/Versions/A/AppleVA
0x00007fff2cfe1000 	/System/Library/Frameworks/ApplicationServices.framework/Versions/A/Frameworks/ATS.framework/Versions/A/ATS
0x00007fff2d2f3000 	/System/Library/Frameworks/ApplicationServices.framework/Versions/A/Frameworks/ColorSyncLegacy.framework/Versions/A/ColorSyncLegacy
0x00007fff25905000 	/System/Library/Frameworks/ApplicationServices.framework/Versions/A/Frameworks/HIServices.framework/Versions/A/HIServices
0x00007fff2d2d8000 	/System/Library/Frameworks/ApplicationServices.framework/Versions/A/Frameworks/LangAnalysis.framework/Versions/A/LangAnalysis
0x00007fff2bfac000 	/System/Library/Frameworks/ApplicationServices.framework/Versions/A/Frameworks/PrintCore.framework/Versions/A/PrintCore
0x00007fff2d2fb000 	/System/Library/Frameworks/ApplicationServices.framework/Versions/A/Frameworks/QD.framework/Versions/A/QD
0x00007fff2cfd1000 	/System/Library/Frameworks/ApplicationServices.framework/Versions/A/Frameworks/SpeechSynthesis.framework/Versions/A/SpeechSynthesis
0x00007fff2bf6d000 	/System/Library/Frameworks/ApplicationServices.framework/Versions/A/Frameworks/ATSUI.framework/Versions/A/ATSUI
0x00007fff2d278000 	/usr/lib/libcups.2.dylib
0x00007fff2d2e8000 	/System/Library/PrivateFrameworks/NetAuth.framework/Versions/A/NetAuth
0x00007fff2d992000 	/System/Library/Frameworks/Kerberos.framework/Versions/A/Kerberos
0x00007fff2d9a2000 	/System/Library/Frameworks/GSS.framework/Versions/A/GSS
0x00007fff2d04d000 	/usr/lib/libresolv.9.dylib
0x00007fff2b8e1000 	/System/Library/PrivateFrameworks/Heimdal.framework/Versions/A/Heimdal
0x00007fff33726000 	/System/Library/Frameworks/Kerberos.framework/Versions/A/Libraries/libHeimdalProxy.dylib
0x00007fff264eb000 	/System/Library/Frameworks/Network.framework/Versions/A/Network
0x00007fff2b2fa000 	/usr/lib/libheimdal-asn1.dylib
0x00007fff2d9f2000 	/System/Library/PrivateFrameworks/CommonAuth.framework/Versions/A/CommonAuth
0x00007fff2754f000 	/System/Library/PrivateFrameworks/login.framework/Versions/A/Frameworks/loginsupport.framework/Versions/A/loginsupport
0x00007fff2cf56000 	/System/Library/PrivateFrameworks/AudioSession.framework/Versions/A/AudioSession
0x00007fff2cfbe000 	/usr/lib/libAudioStatistics.dylib
0x00007fff2b387000 	/System/Library/PrivateFrameworks/MediaExperience.framework/Versions/A/MediaExperience
0x00007fff2cdf3000 	/System/Library/PrivateFrameworks/AudioSession.framework/libSessionUtility.dylib
0x00007fff2d983000 	/usr/lib/libperfcheck.dylib
0x00007fff2d307000 	/System/Library/PrivateFrameworks/AudioResourceArbitration.framework/Versions/A/AudioResourceArbitration
0x00007fff2b304000 	/System/Library/PrivateFrameworks/IconFoundation.framework/Versions/A/IconFoundation
0x00007fff2fe30000 	/System/Library/PrivateFrameworks/SpeechRecognitionCore.framework/Versions/A/SpeechRecognitionCore
0x0000000110000000 	/Library/Java/JavaVirtualMachines/jdk-15.jdk/Contents/Home/lib/server/libjvm.dylib
0x000000010db6a000 	/Library/Java/JavaVirtualMachines/jdk-15.jdk/Contents/Home/lib/libjimage.dylib
0x000000010db78000 	/Library/Java/JavaVirtualMachines/jdk-15.jdk/Contents/Home/lib/libinstrument.dylib
0x000000010db88000 	/Library/Java/JavaVirtualMachines/jdk-15.jdk/Contents/Home/lib/libjava.dylib
0x000000010de33000 	/Library/Java/JavaVirtualMachines/jdk-15.jdk/Contents/Home/lib/libnio.dylib
0x000000010de47000 	/Library/Java/JavaVirtualMachines/jdk-15.jdk/Contents/Home/lib/libnet.dylib
0x000000010de60000 	/Library/Java/JavaVirtualMachines/jdk-15.jdk/Contents/Home/lib/libzip.dylib
0x000000010de6e000 	/Users/cole.henrich/.openjfx/cache/15/libprism_es2.dylib
0x00007fff22cf3000 	/System/Library/PrivateFrameworks/CoreServicesInternal.framework/Versions/A/CoreServicesInternal
0x00007fff6cd24000 	/System/Library/Frameworks/OpenGL.framework/Versions/A/Resources/GLEngine.bundle/GLEngine
0x00007fff6cb84000 	/System/Library/Frameworks/OpenGL.framework/Versions/A/Libraries/libGLProgrammability.dylib
0x00007fff5feb4000 	/System/Library/Extensions/AppleIntelKBLGraphicsGLDriver.bundle/Contents/MacOS/AppleIntelKBLGraphicsGLDriver
0x00007fff46ea6000 	/System/Library/PrivateFrameworks/GPUSupport.framework/Versions/A/Libraries/libGPUSupportMercury.dylib
0x00007fff6cea0000 	/System/Library/Frameworks/OpenGL.framework/Versions/A/Resources/GLRendererFloat.bundle/GLRendererFloat
0x0000000118b4f000 	/Users/cole.henrich/.openjfx/cache/15/libglass.dylib
0x00007fff31316000 	/System/Library/Frameworks/FileProvider.framework/Versions/A/FileProvider
0x00007fff26302000 	/System/Library/Frameworks/Accounts.framework/Versions/A/Accounts
0x00007fff31437000 	/System/Library/PrivateFrameworks/GenerationalStorage.framework/Versions/A/GenerationalStorage
0x00007fff31dfa000 	/System/Library/PrivateFrameworks/CoreSymbolication.framework/Versions/A/CoreSymbolication
0x00007fff30d35000 	/System/Library/PrivateFrameworks/SymptomDiagnosticReporter.framework/Versions/A/SymptomDiagnosticReporter
0x00007fff2e63b000 	/System/Library/PrivateFrameworks/AppContainer.framework/Versions/A/AppContainer
0x00007fff23e3f000 	/System/Library/PrivateFrameworks/DesktopServicesPriv.framework/Versions/A/DesktopServicesPriv
0x00007fff22e28000 	/usr/lib/libsandbox.1.dylib
0x00007fff2757b000 	/System/Library/PrivateFrameworks/UserManagement.framework/Versions/A/UserManagement
0x00007fff29e7c000 	/System/Library/PrivateFrameworks/MobileKeyBag.framework/Versions/A/MobileKeyBag
0x00007fff34790000 	/System/Library/PrivateFrameworks/ChunkingLibrary.framework/Versions/A/ChunkingLibrary
0x00007fff31dbd000 	/System/Library/PrivateFrameworks/DebugSymbols.framework/Versions/A/DebugSymbols
0x00007fff2e650000 	/System/Library/PrivateFrameworks/SecCodeWrapper.framework/Versions/A/SecCodeWrapper
0x00007fff2b0dd000 	/System/Library/PrivateFrameworks/CrashReporterSupport.framework/Versions/A/CrashReporterSupport
0x00007fff48514000 	/System/Library/PrivateFrameworks/OSAnalytics.framework/Versions/A/OSAnalytics
0x00007fff7831f000 	/usr/lib/libRosetta.dylib
0x00007fff33171000 	/System/Library/PrivateFrameworks/RemoteServiceDiscovery.framework/Versions/A/RemoteServiceDiscovery
0x00007fff524ec000 	/System/Library/PrivateFrameworks/Symbolication.framework/Versions/A/Symbolication
0x00007fff33181000 	/System/Library/PrivateFrameworks/RemoteXPC.framework/Versions/A/RemoteXPC
0x00007fff3968c000 	/System/Library/PrivateFrameworks/OSAServicesClient.framework/Versions/A/OSAServicesClient
0x00007fff3df6a000 	/System/Library/PrivateFrameworks/MallocStackLogging.framework/Versions/A/MallocStackLogging
0x00007fff2e3d2000 	/System/Library/PrivateFrameworks/Sharing.framework/Versions/A/Sharing
0x00007fff32d4e000 	/System/Library/PrivateFrameworks/Apple80211.framework/Versions/A/Apple80211
0x00007fff2a501000 	/System/Library/PrivateFrameworks/AuthKit.framework/Versions/A/AuthKit
0x00007fff29c7c000 	/System/Library/PrivateFrameworks/CoreUtils.framework/Versions/A/CoreUtils
0x00007fff29ba9000 	/System/Library/Frameworks/CoreWLAN.framework/Versions/A/CoreWLAN
0x00007fff2e51a000 	/System/Library/Frameworks/IOBluetooth.framework/Versions/A/IOBluetooth
0x00007fff32db2000 	/System/Library/PrivateFrameworks/CoreWiFi.framework/Versions/A/CoreWiFi
0x00007fff2da7a000 	/System/Library/PrivateFrameworks/CorePhoneNumbers.framework/Versions/A/CorePhoneNumbers
0x00007fff30e3d000 	/System/Library/PrivateFrameworks/DiskManagement.framework/Versions/A/DiskManagement
0x00007fff30d53000 	/System/Library/PrivateFrameworks/AppleIDAuthSupport.framework/Versions/A/AppleIDAuthSupport
0x00007fff2da57000 	/System/Library/PrivateFrameworks/KeychainCircle.framework/Versions/A/KeychainCircle
0x00007fff30e09000 	/System/Library/PrivateFrameworks/MediaKit.framework/Versions/A/MediaKit
0x00007fff30d60000 	/System/Library/Frameworks/DiscRecording.framework/Versions/A/DiscRecording
0x00007fff2b200000 	/usr/lib/libCoreStorage.dylib
0x00007fff331ec000 	/usr/lib/libcsfde.dylib
0x00007fff2e654000 	/System/Library/PrivateFrameworks/ProtectedCloudStorage.framework/Versions/A/ProtectedCloudStorage
0x00007fff331e4000 	/System/Library/PrivateFrameworks/EFILogin.framework/Versions/A/EFILogin
0x00007fff337d9000 	/System/Library/Frameworks/AudioUnit.framework/Versions/A/AudioUnit
0x00007fff30cd2000 	/System/Library/Frameworks/CoreBluetooth.framework/Versions/A/CoreBluetooth
0x00007fff2b1f8000 	/usr/lib/libMatch.1.dylib
0x0000000118be8000 	/usr/lib/libobjc-trampolines.dylib
0x00007fff41b97000 	/System/Library/Frameworks/Accelerate.framework/Versions/A/Frameworks/vImage.framework/Versions/A/Libraries/libCGInterfaces.dylib
0x00007fff2727d000 	/System/Library/PrivateFrameworks/ViewBridge.framework/Versions/A/ViewBridge
0x00007fff2b9a2000 	/System/Library/PrivateFrameworks/login.framework/Versions/A/login
0x0000000139728000 	/Users/cole.henrich/.openjfx/cache/15/libjavafx_font.dylib
0x000000014006f000 	/Library/Java/JavaVirtualMachines/jdk-15.jdk/Contents/Home/lib/libawt.dylib
0x0000000140126000 	/Library/Java/JavaVirtualMachines/jdk-15.jdk/Contents/Home/lib/libmlib_image.dylib
0x00007fff6f987000 	/System/Library/Frameworks/JavaNativeFoundation.framework/Versions/A/JavaNativeFoundation
0x00007fff6f993000 	/System/Library/Frameworks/JavaRuntimeSupport.framework/Versions/A/JavaRuntimeSupport
0x00007fff3d399000 	/System/Library/Frameworks/Carbon.framework/Versions/A/Carbon
0x00007fff36693000 	/System/Library/Frameworks/Carbon.framework/Versions/A/Frameworks/CommonPanels.framework/Versions/A/CommonPanels
0x00007fff331e0000 	/System/Library/Frameworks/Carbon.framework/Versions/A/Frameworks/Help.framework/Versions/A/Help
0x00007fff36697000 	/System/Library/Frameworks/Carbon.framework/Versions/A/Frameworks/ImageCapture.framework/Versions/A/ImageCapture
0x00007fff3666f000 	/System/Library/Frameworks/Carbon.framework/Versions/A/Frameworks/OpenScripting.framework/Versions/A/OpenScripting
0x00007fff3668f000 	/System/Library/Frameworks/Carbon.framework/Versions/A/Frameworks/Ink.framework/Versions/A/Ink
0x00007fff3d395000 	/System/Library/Frameworks/Carbon.framework/Versions/A/Frameworks/Print.framework/Versions/A/Print
0x00007fff3668b000 	/System/Library/Frameworks/Carbon.framework/Versions/A/Frameworks/SecurityHI.framework/Versions/A/SecurityHI
0x00000001401c2000 	/Library/Java/JavaVirtualMachines/jdk-15.jdk/Contents/Home/lib/libawt_lwawt.dylib
0x000000014027c000 	/Library/Java/JavaVirtualMachines/jdk-15.jdk/Contents/Home/lib/libosxapp.dylib
0x00007fff3c759000 	/System/Library/Frameworks/ExceptionHandling.framework/Versions/A/ExceptionHandling
0x000000014029c000 	/Library/Java/JavaVirtualMachines/jdk-15.jdk/Contents/Home/lib/libfontmanager.dylib
0x00000001403c8000 	/Library/Java/JavaVirtualMachines/jdk-15.jdk/Contents/Home/lib/libfreetype.dylib
0x0000000140e6c000 	/Library/Java/JavaVirtualMachines/jdk-15.jdk/Contents/Home/lib/libosxui.dylib


VM Arguments:
jvm_args: -javaagent:/Applications/IntelliJ IDEA CE.app/Contents/lib/idea_rt.jar=59275:/Applications/IntelliJ IDEA CE.app/Contents/bin -Dfile.encoding=UTF-8 --module-path=out/production/Cryptography-2:lib/javafx-fxml-15.jar:lib/javafx-fxml-15-mac.jar:lib/javafx-controls-15.jar:lib/javafx-controls-15-mac.jar:lib/javafx-graphics-15.jar:lib/javafx-graphics-15-mac.jar:lib/javafx-base-15.jar:lib/javafx-base-15-mac.jar -Djdk.module.main=Ciphers
java_command: Ciphers/sample.Main
java_class_path (initial): <not set>
Launcher Type: SUN_STANDARD

[Global flags]
     intx CICompilerCount                          = 3                                         {product} {ergonomic}
     uint ConcGCThreads                            = 1                                         {product} {ergonomic}
     uint G1ConcRefinementThreads                  = 4                                         {product} {ergonomic}
   size_t G1HeapRegionSize                         = 2097152                                   {product} {ergonomic}
    uintx GCDrainStackTargetSize                   = 64                                        {product} {ergonomic}
   size_t InitialHeapSize                          = 268435456                                 {product} {ergonomic}
   size_t MarkStackSize                            = 4194304                                   {product} {ergonomic}
   size_t MaxHeapSize                              = 4294967296                                {product} {ergonomic}
   size_t MaxNewSize                               = 2575302656                                {product} {ergonomic}
   size_t MinHeapDeltaBytes                        = 2097152                                   {product} {ergonomic}
   size_t MinHeapSize                              = 8388608                                   {product} {ergonomic}
    uintx NonNMethodCodeHeapSize                   = 5832780                                {pd product} {ergonomic}
    uintx NonProfiledCodeHeapSize                  = 122912730                              {pd product} {ergonomic}
    uintx ProfiledCodeHeapSize                     = 122912730                              {pd product} {ergonomic}
    uintx ReservedCodeCacheSize                    = 251658240                              {pd product} {ergonomic}
     bool SegmentedCodeCache                       = true                                      {product} {ergonomic}
   size_t SoftMaxHeapSize                          = 4294967296                             {manageable} {ergonomic}
     bool UseCompressedClassPointers               = true                                 {lp64_product} {ergonomic}
     bool UseCompressedOops                        = true                                 {lp64_product} {ergonomic}
     bool UseG1GC                                  = true                                      {product} {ergonomic}
     bool UseNUMA                                  = false                                     {product} {ergonomic}
     bool UseNUMAInterleaving                      = false                                     {product} {ergonomic}

Logging:
Log output configuration:
 #0: stdout all=warning uptime,level,tags
 #1: stderr all=off uptime,level,tags

Environment Variables:
PATH=/Library/Frameworks/Python.framework/Versions/3.8/bin:/usr/local/bin:/usr/bin:/bin:/usr/sbin:/sbin
SHELL=/bin/bash
LC_CTYPE=en_US.UTF-8

Signal Handlers:
SIGSEGV: [libjvm.dylib+0xa0a820], sa_mask[0]=11111111011111110111111111111111, sa_flags=SA_ONSTACK|SA_RESTART|SA_SIGINFO
SIGBUS: [libjvm.dylib+0xa0a820], sa_mask[0]=11111111011111110111111111111111, sa_flags=SA_RESTART|SA_SIGINFO
SIGFPE: [libjvm.dylib+0xa0a820], sa_mask[0]=11111111011111110111111111111111, sa_flags=SA_RESTART|SA_SIGINFO
SIGPIPE: [libjvm.dylib+0x8291b0], sa_mask[0]=11111111011111110111111111111111, sa_flags=SA_RESTART|SA_SIGINFO
SIGXFSZ: [libjvm.dylib+0x8291b0], sa_mask[0]=11111111011111110111111111111111, sa_flags=SA_RESTART|SA_SIGINFO
SIGILL: [libjvm.dylib+0xa0a820], sa_mask[0]=11111111011111110111111111111111, sa_flags=SA_RESTART|SA_SIGINFO
SIGUSR2: [libjvm.dylib+0x829cc0], sa_mask[0]=00100000000000000000000000000000, sa_flags=SA_RESTART|SA_SIGINFO
SIGHUP: [libjvm.dylib+0x8283c0], sa_mask[0]=11111111011111110111111111111111, sa_flags=SA_RESTART|SA_SIGINFO
SIGINT: [libjvm.dylib+0x8283c0], sa_mask[0]=11111111011111110111111111111111, sa_flags=SA_RESTART|SA_SIGINFO
SIGTERM: [libjvm.dylib+0x8283c0], sa_mask[0]=11111111011111110111111111111111, sa_flags=SA_RESTART|SA_SIGINFO
SIGQUIT: [libjvm.dylib+0x8283c0], sa_mask[0]=11111111011111110111111111111111, sa_flags=SA_RESTART|SA_SIGINFO


---------------  S Y S T E M  ---------------

OS:uname: Darwin 20.3.0 Darwin Kernel Version 20.3.0: Thu Jan 21 00:07:06 PST 2021; root:xnu-7195.81.3~1/RELEASE_X86_64 x86_64
OS uptime: 2 days 22:29 hours
rlimit (soft/hard): STACK 8192k/65532k , CORE 0k/infinity , NPROC 2784/4176 , NOFILE 10240/infinity , AS infinity/infinity , CPU infinity/infinity , DATA infinity/infinity , FSIZE infinity/infinity , MEMLOCK infinity/infinity , RSS infinity/infinity
load average: 4.40 4.56 4.69

CPU: total 4 (initial active 4) (2 cores per cpu, 2 threads per core) family 6 model 142 stepping 9, cmov, cx8, fxsr, mmx, sse, sse2, sse3, ssse3, sse4.1, sse4.2, popcnt, vzeroupper, avx, avx2, aes, clmul, erms, 3dnowpref, lzcnt, ht, tsc, tscinvbit, bmi1, bmi2, adx, fma, clflush, clflushopt

Memory: 4k page, physical 16777216k(142152k free), swap 5242880k(1376512k free)

vm_info: Java HotSpot(TM) 64-Bit Server VM (15+36-1562) for bsd-amd64 JRE (15+36-1562), built on Aug 11 2020 21:36:40 by "mach5one" with clang 4.2.1 Compatible Apple LLVM 10.0.0 (clang-1000.11.45.5)

END.
